thg 3 24, 2016 9:10:42 SA org.apache.catalina.core.AprLifecycleListener init
INFO: The APR based Apache Tomcat Native library which allows optimal performance in production environments was not found on the java.library.path: C:\Program Files\Java\jdk1.8.0_65\bin;C:\Windows\Sun\Java\bin;C:\Windows\system32;C:\Windows;C:\ProgramData\Oracle\Java\javapath;C:\Windows\system32;C:\Windows;C:\Windows\System32\Wbem;C:\Windows\System32\WindowsPowerShell\v1.0\;C:\Program Files (x86)\Intel\OpenCL SDK\2.0\bin\x86;C:\Program Files (x86)\Intel\OpenCL SDK\2.0\bin\x64;C:\Program Files\Microsoft SQL Server\Client SDK\ODBC\110\Tools\Binn\;C:\Program Files (x86)\Microsoft SQL Server\120\Tools\Binn\;C:\Program Files\Microsoft SQL Server\120\Tools\Binn\;C:\Program Files\Microsoft SQL Server\120\DTS\Binn\;C:\Program Files (x86)\Microsoft SQL Server\120\Tools\Binn\ManagementStudio\;C:\Program Files (x86)\Microsoft SQL Server\120\DTS\Binn\;C:\Windows\system32\config\systemprofile\.dnx\bin;C:\Program Files\Microsoft DNX\Dnvm\;C:\Python27;C:\Python27\python.exe;C:\Users\TanThuan\AppData\Local\Android\sdk\platform-tools;C:\ProgramData\Oracle\Java\javapath;C:\Windows\system32;C:\Windows;C:\Windows\System32\Wbem;C:\Windows\System32\WindowsPowerShell\v1.0\;C:\Program Files (x86)\Intel\OpenCL SDK\2.0\bin\x86;C:\Program Files (x86)\Intel\OpenCL SDK\2.0\bin\x64;C:\Program Files\Microsoft SQL Server\Client SDK\ODBC\110\Tools\Binn\;C:\Program Files (x86)\Microsoft SQL Server\120\Tools\Binn\;C:\Program Files\Microsoft SQL Server\120\Tools\Binn\;C:\Program Files\Microsoft SQL Server\120\DTS\Binn\;C:\Program Files (x86)\Microsoft SQL Server\120\Tools\Binn\ManagementStudio\;C:\Program Files (x86)\Microsoft SQL Server\120\DTS\Binn\;%USERPROFILE%\.dnx\bin;C:\Program Files\Microsoft DNX\Dnvm\;C:\Python27;C:\Python27\python.exe;C:\Users\TanThuan\AppData\Local\Android\sdk\platform-tools;C:\ProgramData\Oracle\Java\javapath;C:\Windows\system32;C:\Windows;C:\Windows\System32\Wbem;C:\Windows\System32\WindowsPowerShell\v1.0\;C:\Program Files (x86)\Intel\OpenCL SDK\2.0\bin\x86;C:\Program Files (x86)\Intel\OpenCL SDK\2.0\bin\x64;C:\Program Files\Microsoft SQL Server\Client SDK\ODBC\110\Tools\Binn\;C:\Program Files (x86)\Microsoft SQL Server\120\Tools\Binn\;C:\Program Files\Microsoft SQL Server\120\Tools\Binn\;C:\Program Files\Microsoft SQL Server\120\DTS\Binn\;C:\Program Files (x86)\Microsoft SQL Server\120\Tools\Binn\ManagementStudio\;C:\Program Files (x86)\Microsoft SQL Server\120\DTS\Binn\;%USERPROFILE%\.dnx\bin;C:\Program Files\Microsoft DNX\Dnvm\;C:\Python27;C:\Python27\python.exe;C:\Users\TanThuan\AppData\Local\Android\sdk\platform-tools;C:\Windows\System32;%ANT_HOME%/bin;C:\Program Files (x86)\Windows Kits\8.1\Windows Performance Toolkit\;C:\Program Files (x86)\Skype\Phone\;C:\Program Files\TortoiseSVN\bin;%ANT_HOME%/bin;C:\Program Files (x86)\Windows Kits\8.1\Windows Performance Toolkit\;C:\Program Files (x86)\Skype\Phone\;C:\Program Files\TortoiseSVN\bin;%ANT_HOME%/bin;C:\Program Files (x86)\Windows Kits\8.1\Windows Performance Toolkit\;C:\Program Files (x86)\Skype\Phone\;C:\Program Files\TortoiseSVN\bin;C:\Users\TanThuan\.dnx\bin;D:\laptrinhcoco\cocos2d-x-3\templates;D:\laptrinhcoco\cocos2d-x-3\tools\cocos2d-console\bin;.
thg 3 24, 2016 9:10:44 SA org.apache.coyote.http11.Http11Protocol init
INFO: Initializing Coyote HTTP/1.1 on http-8080
thg 3 24, 2016 9:10:44 SA org.apache.catalina.startup.Catalina load
INFO: Initialization processed in 2734 ms
thg 3 24, 2016 9:10:44 SA org.apache.catalina.core.StandardService start
INFO: Starting service Catalina
thg 3 24, 2016 9:10:44 SA org.apache.catalina.core.StandardEngine start
INFO: Starting Servlet Engine: Apache Tomcat/6.0.45
thg 3 24, 2016 9:10:44 SA org.apache.catalina.startup.HostConfig deployDescriptor
INFO: Deploying configuration descriptor host-manager.xml
thg 3 24, 2016 9:10:45 SA org.apache.catalina.startup.HostConfig deployDescriptor
INFO: Deploying configuration descriptor manager.xml
thg 3 24, 2016 9:10:45 SA org.apache.catalina.startup.HostConfig deployWAR
INFO: Deploying web application archive cas.war
thg 3 24, 2016 9:10:53 SA org.apache.catalina.startup.HostConfig deployDirectory
INFO: Deploying web application directory docs
thg 3 24, 2016 9:10:53 SA org.apache.catalina.startup.HostConfig deployDirectory
INFO: Deploying web application directory examples
thg 3 24, 2016 9:10:53 SA org.apache.catalina.startup.HostConfig deployDirectory
INFO: Deploying web application directory ROOT
thg 3 24, 2016 9:10:53 SA org.apache.coyote.http11.Http11Protocol start
INFO: Starting Coyote HTTP/1.1 on http-8080
thg 3 24, 2016 9:10:53 SA org.apache.jk.common.ChannelSocket init
INFO: JK: ajp13 listening on /0.0.0.0:8009
thg 3 24, 2016 9:10:53 SA org.apache.jk.server.JkMain start
INFO: Jk running ID=0 time=0/31  config=null
thg 3 24, 2016 9:10:53 SA org.apache.catalina.startup.Catalina start
INFO: Server startup in 9503 ms
thg 3 24, 2016 9:11:35 SA org.apache.coyote.http11.Http11Protocol pause
INFO: Pausing Coyote HTTP/1.1 on http-8080
thg 3 24, 2016 9:11:36 SA org.apache.catalina.core.StandardService stop
INFO: Stopping service Catalina
thg 3 24, 2016 9:11:36 SA org.apache.catalina.loader.WebappClassLoader clearReferencesThreads
SEVERE: The web application [/cas] appears to have started a thread named [perf4j-async-stats-appender-sink-CoalescingStatistics] but has failed to stop it. This is very likely to create a memory leak.
thg 3 24, 2016 9:11:36 SA org.apache.catalina.loader.WebappClassLoader clearReferencesThreads
SEVERE: The web application [/cas] appears to have started a thread named [Thread-2] but has failed to stop it. This is very likely to create a memory leak.
thg 3 24, 2016 9:11:36 SA org.apache.catalina.loader.WebappClassLoader clearReferencesThreads
SEVERE: The web application [/cas] appears to have started a thread named [scheduler_Worker-1] but has failed to stop it. This is very likely to create a memory leak.
thg 3 24, 2016 9:11:36 SA org.apache.catalina.loader.WebappClassLoader clearReferencesThreads
SEVERE: The web application [/cas] appears to have started a thread named [scheduler_Worker-2] but has failed to stop it. This is very likely to create a memory leak.
thg 3 24, 2016 9:11:36 SA org.apache.catalina.loader.WebappClassLoader clearReferencesThreads
SEVERE: The web application [/cas] appears to have started a thread named [scheduler_Worker-3] but has failed to stop it. This is very likely to create a memory leak.
thg 3 24, 2016 9:11:36 SA org.apache.catalina.loader.WebappClassLoader clearReferencesThreads
SEVERE: The web application [/cas] appears to have started a thread named [scheduler_Worker-4] but has failed to stop it. This is very likely to create a memory leak.
thg 3 24, 2016 9:11:36 SA org.apache.catalina.loader.WebappClassLoader clearReferencesThreads
SEVERE: The web application [/cas] appears to have started a thread named [scheduler_Worker-5] but has failed to stop it. This is very likely to create a memory leak.
thg 3 24, 2016 9:11:36 SA org.apache.catalina.loader.WebappClassLoader clearReferencesThreads
SEVERE: The web application [/cas] appears to have started a thread named [scheduler_Worker-6] but has failed to stop it. This is very likely to create a memory leak.
thg 3 24, 2016 9:11:36 SA org.apache.catalina.loader.WebappClassLoader clearReferencesThreads
SEVERE: The web application [/cas] appears to have started a thread named [scheduler_Worker-7] but has failed to stop it. This is very likely to create a memory leak.
thg 3 24, 2016 9:11:36 SA org.apache.catalina.loader.WebappClassLoader clearReferencesThreads
SEVERE: The web application [/cas] appears to have started a thread named [scheduler_Worker-8] but has failed to stop it. This is very likely to create a memory leak.
thg 3 24, 2016 9:11:36 SA org.apache.catalina.loader.WebappClassLoader clearReferencesThreads
SEVERE: The web application [/cas] appears to have started a thread named [scheduler_Worker-9] but has failed to stop it. This is very likely to create a memory leak.
thg 3 24, 2016 9:11:36 SA org.apache.catalina.loader.WebappClassLoader clearReferencesThreads
SEVERE: The web application [/cas] appears to have started a thread named [scheduler_Worker-10] but has failed to stop it. This is very likely to create a memory leak.
thg 3 24, 2016 9:11:36 SA org.apache.coyote.http11.Http11Protocol destroy
INFO: Stopping Coyote HTTP/1.1 on http-8080
thg 3 24, 2016 9:29:05 SA org.apache.catalina.core.AprLifecycleListener init
INFO: The APR based Apache Tomcat Native library which allows optimal performance in production environments was not found on the java.library.path: C:\Program Files\Java\jdk1.8.0_65\bin;C:\Windows\Sun\Java\bin;C:\Windows\system32;C:\Windows;C:\ProgramData\Oracle\Java\javapath;C:\Windows\system32;C:\Windows;C:\Windows\System32\Wbem;C:\Windows\System32\WindowsPowerShell\v1.0\;C:\Program Files (x86)\Intel\OpenCL SDK\2.0\bin\x86;C:\Program Files (x86)\Intel\OpenCL SDK\2.0\bin\x64;C:\Program Files\Microsoft SQL Server\Client SDK\ODBC\110\Tools\Binn\;C:\Program Files (x86)\Microsoft SQL Server\120\Tools\Binn\;C:\Program Files\Microsoft SQL Server\120\Tools\Binn\;C:\Program Files\Microsoft SQL Server\120\DTS\Binn\;C:\Program Files (x86)\Microsoft SQL Server\120\Tools\Binn\ManagementStudio\;C:\Program Files (x86)\Microsoft SQL Server\120\DTS\Binn\;C:\Windows\system32\config\systemprofile\.dnx\bin;C:\Program Files\Microsoft DNX\Dnvm\;C:\Python27;C:\Python27\python.exe;C:\Users\TanThuan\AppData\Local\Android\sdk\platform-tools;C:\ProgramData\Oracle\Java\javapath;C:\Windows\system32;C:\Windows;C:\Windows\System32\Wbem;C:\Windows\System32\WindowsPowerShell\v1.0\;C:\Program Files (x86)\Intel\OpenCL SDK\2.0\bin\x86;C:\Program Files (x86)\Intel\OpenCL SDK\2.0\bin\x64;C:\Program Files\Microsoft SQL Server\Client SDK\ODBC\110\Tools\Binn\;C:\Program Files (x86)\Microsoft SQL Server\120\Tools\Binn\;C:\Program Files\Microsoft SQL Server\120\Tools\Binn\;C:\Program Files\Microsoft SQL Server\120\DTS\Binn\;C:\Program Files (x86)\Microsoft SQL Server\120\Tools\Binn\ManagementStudio\;C:\Program Files (x86)\Microsoft SQL Server\120\DTS\Binn\;%USERPROFILE%\.dnx\bin;C:\Program Files\Microsoft DNX\Dnvm\;C:\Python27;C:\Python27\python.exe;C:\Users\TanThuan\AppData\Local\Android\sdk\platform-tools;C:\ProgramData\Oracle\Java\javapath;C:\Windows\system32;C:\Windows;C:\Windows\System32\Wbem;C:\Windows\System32\WindowsPowerShell\v1.0\;C:\Program Files (x86)\Intel\OpenCL SDK\2.0\bin\x86;C:\Program Files (x86)\Intel\OpenCL SDK\2.0\bin\x64;C:\Program Files\Microsoft SQL Server\Client SDK\ODBC\110\Tools\Binn\;C:\Program Files (x86)\Microsoft SQL Server\120\Tools\Binn\;C:\Program Files\Microsoft SQL Server\120\Tools\Binn\;C:\Program Files\Microsoft SQL Server\120\DTS\Binn\;C:\Program Files (x86)\Microsoft SQL Server\120\Tools\Binn\ManagementStudio\;C:\Program Files (x86)\Microsoft SQL Server\120\DTS\Binn\;%USERPROFILE%\.dnx\bin;C:\Program Files\Microsoft DNX\Dnvm\;C:\Python27;C:\Python27\python.exe;C:\Users\TanThuan\AppData\Local\Android\sdk\platform-tools;C:\Windows\System32;%ANT_HOME%/bin;C:\Program Files (x86)\Windows Kits\8.1\Windows Performance Toolkit\;C:\Program Files (x86)\Skype\Phone\;C:\Program Files\TortoiseSVN\bin;%ANT_HOME%/bin;C:\Program Files (x86)\Windows Kits\8.1\Windows Performance Toolkit\;C:\Program Files (x86)\Skype\Phone\;C:\Program Files\TortoiseSVN\bin;%ANT_HOME%/bin;C:\Program Files (x86)\Windows Kits\8.1\Windows Performance Toolkit\;C:\Program Files (x86)\Skype\Phone\;C:\Program Files\TortoiseSVN\bin;C:\Users\TanThuan\.dnx\bin;D:\laptrinhcoco\cocos2d-x-3\templates;D:\laptrinhcoco\cocos2d-x-3\tools\cocos2d-console\bin;.
thg 3 24, 2016 9:29:05 SA org.apache.coyote.http11.Http11Protocol init
INFO: Initializing Coyote HTTP/1.1 on http-8080
thg 3 24, 2016 9:29:05 SA org.apache.catalina.startup.Catalina load
INFO: Initialization processed in 556 ms
thg 3 24, 2016 9:29:05 SA org.apache.catalina.core.StandardService start
INFO: Starting service Catalina
thg 3 24, 2016 9:29:05 SA org.apache.catalina.core.StandardEngine start
INFO: Starting Servlet Engine: Apache Tomcat/6.0.45
thg 3 24, 2016 9:29:05 SA org.apache.catalina.startup.HostConfig deployDescriptor
INFO: Deploying configuration descriptor host-manager.xml
thg 3 24, 2016 9:29:06 SA org.apache.catalina.startup.HostConfig deployDescriptor
INFO: Deploying configuration descriptor manager.xml
thg 3 24, 2016 9:29:06 SA org.apache.catalina.startup.HostConfig deployWAR
INFO: Deploying web application archive cas.war
thg 3 24, 2016 9:29:10 SA org.apache.catalina.startup.HostConfig deployDirectory
INFO: Deploying web application directory docs
thg 3 24, 2016 9:29:10 SA org.apache.catalina.startup.HostConfig deployDirectory
INFO: Deploying web application directory examples
thg 3 24, 2016 9:29:10 SA org.apache.catalina.startup.HostConfig deployDirectory
INFO: Deploying web application directory ROOT
thg 3 24, 2016 9:29:10 SA org.apache.coyote.http11.Http11Protocol start
INFO: Starting Coyote HTTP/1.1 on http-8080
thg 3 24, 2016 9:29:10 SA org.apache.jk.common.ChannelSocket init
INFO: JK: ajp13 listening on /0.0.0.0:8009
thg 3 24, 2016 9:29:10 SA org.apache.jk.server.JkMain start
INFO: Jk running ID=0 time=0/16  config=null
thg 3 24, 2016 9:29:11 SA org.apache.catalina.startup.Catalina start
INFO: Server startup in 5203 ms
thg 3 24, 2016 10:42:50 SA org.apache.coyote.http11.Http11Protocol pause
INFO: Pausing Coyote HTTP/1.1 on http-8080
thg 3 24, 2016 10:42:51 SA org.apache.catalina.core.StandardService stop
INFO: Stopping service Catalina
thg 3 24, 2016 10:42:51 SA org.apache.catalina.loader.WebappClassLoader clearReferencesThreads
SEVERE: The web application [/cas] appears to have started a thread named [perf4j-async-stats-appender-sink-CoalescingStatistics] but has failed to stop it. This is very likely to create a memory leak.
thg 3 24, 2016 10:42:51 SA org.apache.catalina.loader.WebappClassLoader clearReferencesThreads
SEVERE: The web application [/cas] appears to have started a thread named [Thread-2] but has failed to stop it. This is very likely to create a memory leak.
thg 3 24, 2016 10:42:51 SA org.apache.catalina.loader.WebappClassLoader clearReferencesThreads
SEVERE: The web application [/cas] appears to have started a thread named [scheduler_Worker-1] but has failed to stop it. This is very likely to create a memory leak.
thg 3 24, 2016 10:42:51 SA org.apache.catalina.loader.WebappClassLoader clearReferencesThreads
SEVERE: The web application [/cas] appears to have started a thread named [scheduler_Worker-2] but has failed to stop it. This is very likely to create a memory leak.
thg 3 24, 2016 10:42:51 SA org.apache.catalina.loader.WebappClassLoader clearReferencesThreads
SEVERE: The web application [/cas] appears to have started a thread named [scheduler_Worker-3] but has failed to stop it. This is very likely to create a memory leak.
thg 3 24, 2016 10:42:51 SA org.apache.catalina.loader.WebappClassLoader clearReferencesThreads
SEVERE: The web application [/cas] appears to have started a thread named [scheduler_Worker-4] but has failed to stop it. This is very likely to create a memory leak.
thg 3 24, 2016 10:42:51 SA org.apache.catalina.loader.WebappClassLoader clearReferencesThreads
SEVERE: The web application [/cas] appears to have started a thread named [scheduler_Worker-6] but has failed to stop it. This is very likely to create a memory leak.
thg 3 24, 2016 10:42:51 SA org.apache.catalina.loader.WebappClassLoader clearReferencesThreads
SEVERE: The web application [/cas] appears to have started a thread named [scheduler_Worker-7] but has failed to stop it. This is very likely to create a memory leak.
thg 3 24, 2016 10:42:51 SA org.apache.catalina.loader.WebappClassLoader clearReferencesThreads
SEVERE: The web application [/cas] appears to have started a thread named [scheduler_Worker-10] but has failed to stop it. This is very likely to create a memory leak.
thg 3 24, 2016 10:42:51 SA org.apache.coyote.http11.Http11Protocol destroy
INFO: Stopping Coyote HTTP/1.1 on http-8080
thg 3 24, 2016 3:13:22 CH org.apache.catalina.core.AprLifecycleListener init
INFO: The APR based Apache Tomcat Native library which allows optimal performance in production environments was not found on the java.library.path: C:\Program Files\Java\jdk1.8.0_65\bin;C:\Windows\Sun\Java\bin;C:\Windows\system32;C:\Windows;C:\ProgramData\Oracle\Java\javapath;C:\Windows\system32;C:\Windows;C:\Windows\System32\Wbem;C:\Windows\System32\WindowsPowerShell\v1.0\;C:\Program Files (x86)\Intel\OpenCL SDK\2.0\bin\x86;C:\Program Files (x86)\Intel\OpenCL SDK\2.0\bin\x64;C:\Program Files\Microsoft SQL Server\Client SDK\ODBC\110\Tools\Binn\;C:\Program Files (x86)\Microsoft SQL Server\120\Tools\Binn\;C:\Program Files\Microsoft SQL Server\120\Tools\Binn\;C:\Program Files\Microsoft SQL Server\120\DTS\Binn\;C:\Program Files (x86)\Microsoft SQL Server\120\Tools\Binn\ManagementStudio\;C:\Program Files (x86)\Microsoft SQL Server\120\DTS\Binn\;C:\Windows\system32\config\systemprofile\.dnx\bin;C:\Program Files\Microsoft DNX\Dnvm\;C:\Python27;C:\Python27\python.exe;C:\Users\TanThuan\AppData\Local\Android\sdk\platform-tools;C:\ProgramData\Oracle\Java\javapath;C:\Windows\system32;C:\Windows;C:\Windows\System32\Wbem;C:\Windows\System32\WindowsPowerShell\v1.0\;C:\Program Files (x86)\Intel\OpenCL SDK\2.0\bin\x86;C:\Program Files (x86)\Intel\OpenCL SDK\2.0\bin\x64;C:\Program Files\Microsoft SQL Server\Client SDK\ODBC\110\Tools\Binn\;C:\Program Files (x86)\Microsoft SQL Server\120\Tools\Binn\;C:\Program Files\Microsoft SQL Server\120\Tools\Binn\;C:\Program Files\Microsoft SQL Server\120\DTS\Binn\;C:\Program Files (x86)\Microsoft SQL Server\120\Tools\Binn\ManagementStudio\;C:\Program Files (x86)\Microsoft SQL Server\120\DTS\Binn\;%USERPROFILE%\.dnx\bin;C:\Program Files\Microsoft DNX\Dnvm\;C:\Python27;C:\Python27\python.exe;C:\Users\TanThuan\AppData\Local\Android\sdk\platform-tools;C:\ProgramData\Oracle\Java\javapath;C:\Windows\system32;C:\Windows;C:\Windows\System32\Wbem;C:\Windows\System32\WindowsPowerShell\v1.0\;C:\Program Files (x86)\Intel\OpenCL SDK\2.0\bin\x86;C:\Program Files (x86)\Intel\OpenCL SDK\2.0\bin\x64;C:\Program Files\Microsoft SQL Server\Client SDK\ODBC\110\Tools\Binn\;C:\Program Files (x86)\Microsoft SQL Server\120\Tools\Binn\;C:\Program Files\Microsoft SQL Server\120\Tools\Binn\;C:\Program Files\Microsoft SQL Server\120\DTS\Binn\;C:\Program Files (x86)\Microsoft SQL Server\120\Tools\Binn\ManagementStudio\;C:\Program Files (x86)\Microsoft SQL Server\120\DTS\Binn\;%USERPROFILE%\.dnx\bin;C:\Program Files\Microsoft DNX\Dnvm\;C:\Python27;C:\Python27\python.exe;C:\Users\TanThuan\AppData\Local\Android\sdk\platform-tools;C:\Windows\System32;%ANT_HOME%/bin;C:\Program Files (x86)\Windows Kits\8.1\Windows Performance Toolkit\;C:\Program Files (x86)\Skype\Phone\;C:\Program Files\TortoiseSVN\bin;%ANT_HOME%/bin;C:\Program Files (x86)\Windows Kits\8.1\Windows Performance Toolkit\;C:\Program Files (x86)\Skype\Phone\;C:\Program Files\TortoiseSVN\bin;%ANT_HOME%/bin;C:\Program Files (x86)\Windows Kits\8.1\Windows Performance Toolkit\;C:\Program Files (x86)\Skype\Phone\;C:\Program Files\TortoiseSVN\bin;C:\Users\TanThuan\.dnx\bin;D:\laptrinhcoco\cocos2d-x-3\templates;D:\laptrinhcoco\cocos2d-x-3\tools\cocos2d-console\bin;.
thg 3 24, 2016 3:13:22 CH org.apache.coyote.http11.Http11Protocol init
INFO: Initializing Coyote HTTP/1.1 on http-8080
thg 3 24, 2016 3:13:22 CH org.apache.catalina.startup.Catalina load
INFO: Initialization processed in 763 ms
thg 3 24, 2016 3:13:22 CH org.apache.catalina.core.StandardService start
INFO: Starting service Catalina
thg 3 24, 2016 3:13:22 CH org.apache.catalina.core.StandardEngine start
INFO: Starting Servlet Engine: Apache Tomcat/6.0.45
thg 3 24, 2016 3:13:22 CH org.apache.catalina.startup.HostConfig deployDescriptor
INFO: Deploying configuration descriptor host-manager.xml
thg 3 24, 2016 3:13:23 CH org.apache.catalina.startup.HostConfig deployDescriptor
INFO: Deploying configuration descriptor manager.xml
thg 3 24, 2016 3:13:23 CH org.apache.catalina.startup.HostConfig deployWAR
INFO: Deploying web application archive cas.war
thg 3 24, 2016 3:13:33 CH org.apache.catalina.startup.HostConfig deployDirectory
INFO: Deploying web application directory docs
thg 3 24, 2016 3:13:33 CH org.apache.catalina.startup.HostConfig deployDirectory
INFO: Deploying web application directory examples
thg 3 24, 2016 3:13:34 CH org.apache.catalina.startup.HostConfig deployDirectory
INFO: Deploying web application directory ROOT
thg 3 24, 2016 3:13:34 CH org.apache.coyote.http11.Http11Protocol start
INFO: Starting Coyote HTTP/1.1 on http-8080
thg 3 24, 2016 3:13:34 CH org.apache.jk.common.ChannelSocket init
INFO: JK: ajp13 listening on /0.0.0.0:8009
thg 3 24, 2016 3:13:34 CH org.apache.jk.server.JkMain start
INFO: Jk running ID=0 time=0/47  config=null
thg 3 24, 2016 3:13:34 CH org.apache.catalina.startup.Catalina start
INFO: Server startup in 11661 ms
thg 3 24, 2016 5:18:03 CH org.apache.coyote.http11.Http11Protocol pause
INFO: Pausing Coyote HTTP/1.1 on http-8080
thg 3 24, 2016 5:18:05 CH org.apache.catalina.core.StandardService stop
INFO: Stopping service Catalina
thg 3 24, 2016 5:18:06 CH org.apache.catalina.loader.WebappClassLoader clearReferencesThreads
SEVERE: The web application [/cas] appears to have started a thread named [perf4j-async-stats-appender-sink-CoalescingStatistics] but has failed to stop it. This is very likely to create a memory leak.
thg 3 24, 2016 5:18:06 CH org.apache.catalina.loader.WebappClassLoader clearReferencesThreads
SEVERE: The web application [/cas] appears to have started a thread named [Thread-2] but has failed to stop it. This is very likely to create a memory leak.
thg 3 24, 2016 5:18:06 CH org.apache.catalina.loader.WebappClassLoader clearReferencesThreads
SEVERE: The web application [/cas] appears to have started a thread named [scheduler_Worker-1] but has failed to stop it. This is very likely to create a memory leak.
thg 3 24, 2016 5:18:06 CH org.apache.catalina.loader.WebappClassLoader clearReferencesThreads
SEVERE: The web application [/cas] appears to have started a thread named [scheduler_Worker-3] but has failed to stop it. This is very likely to create a memory leak.
thg 3 24, 2016 5:18:06 CH org.apache.catalina.loader.WebappClassLoader clearReferencesThreads
SEVERE: The web application [/cas] appears to have started a thread named [scheduler_Worker-5] but has failed to stop it. This is very likely to create a memory leak.
thg 3 24, 2016 5:18:06 CH org.apache.catalina.loader.WebappClassLoader clearReferencesThreads
SEVERE: The web application [/cas] appears to have started a thread named [scheduler_Worker-6] but has failed to stop it. This is very likely to create a memory leak.
thg 3 24, 2016 5:18:06 CH org.apache.catalina.loader.WebappClassLoader clearReferencesThreads
SEVERE: The web application [/cas] appears to have started a thread named [scheduler_Worker-8] but has failed to stop it. This is very likely to create a memory leak.
thg 3 24, 2016 5:18:06 CH org.apache.catalina.loader.WebappClassLoader clearReferencesThreads
SEVERE: The web application [/cas] appears to have started a thread named [scheduler_Worker-9] but has failed to stop it. This is very likely to create a memory leak.
thg 3 24, 2016 5:18:06 CH org.apache.catalina.loader.WebappClassLoader clearReferencesThreads
SEVERE: The web application [/cas] appears to have started a thread named [scheduler_Worker-10] but has failed to stop it. This is very likely to create a memory leak.
thg 3 24, 2016 5:18:13 CH org.apache.coyote.http11.Http11Protocol destroy
INFO: Stopping Coyote HTTP/1.1 on http-8080
thg 3 24, 2016 5:18:14 CH org.apache.catalina.loader.WebappClassLoader loadClass
INFO: Illegal access: this web application instance has been stopped already.  Could not load org.apache.log4j.spi.NOPLoggerRepository.  The eventual following stack trace is caused by an error thrown for debugging purposes as well as to attempt to terminate the thread which caused the illegal access, and has no functional impact.
java.lang.IllegalStateException
	at org.apache.catalina.loader.WebappClassLoader.loadClass(WebappClassLoader.java:1566)
	at org.apache.catalina.loader.WebappClassLoader.loadClass(WebappClassLoader.java:1526)
	at org.apache.log4j.LogManager.getLoggerRepository(LogManager.java:175)
	at org.apache.log4j.LogManager.getLogger(LogManager.java:199)
	at org.apache.log4j.Logger.getLogger(Logger.java:105)
	at org.perf4j.log4j.AsyncCoalescingStatisticsAppender$1.handle(AsyncCoalescingStatisticsAppender.java:191)
	at org.perf4j.helpers.GenericAsyncCoalescingStatisticsAppender$Dispatcher.run(GenericAsyncCoalescingStatisticsAppender.java:316)
	at java.lang.Thread.run(Thread.java:745)

