thg 3 29, 2016 2:18:34 CH org.apache.catalina.core.AprLifecycleListener init
INFO: The APR based Apache Tomcat Native library which allows optimal performance in production environments was not found on the java.library.path: C:\Program Files\Java\jdk1.8.0_65\bin;C:\WINDOWS\Sun\Java\bin;C:\WINDOWS\system32;C:\WINDOWS;C:\ProgramData\Oracle\Java\javapath;C:\WINDOWS\system32;C:\WINDOWS;C:\WINDOWS\System32\Wbem;C:\WINDOWS\System32\WindowsPowerShell\v1.0\;C:\WINDOWS\system32\config\systemprofile\.dnx\bin;C:\Program Files\Microsoft DNX\Dnvm\;C:\Program Files\Microsoft SQL Server\120\Tools\Binn\;C:\Program Files (x86)\Windows Kits\10\Windows Performance Toolkit\;C:\Program Files (x86)\nodejs\;C:\Program Files (x86)\Skype\Phone\;C:\Program Files\Microsoft SQL Server\120\DTS\Binn\;C:\Program Files\Microsoft SQL Server\Client SDK\ODBC\110\Tools\Binn\;C:\Program Files (x86)\Microsoft SQL Server\120\Tools\Binn\;C:\Program Files (x86)\Microsoft SQL Server\120\Tools\Binn\ManagementStudio\;C:\Program Files (x86)\Microsoft SQL Server\120\DTS\Binn\;C:\Program Files\Java\jdk1.8.0_65\bin;C:\Users\ntthi\AppData\Local\Android\android-sdk\tools;C:\Users\ntthi\AppData\Local\Android\android-sdk\platform-tools;D:\V-PlaySDK\5.5\mingw492_32\bin;D:\Qt\5.5\mingw492_32\bin;C:\Program Files (x86)\GtkSharp\2.12\bin;C:\Program Files\TortoiseSVN\bin;C:\Program Files\Microsoft SQL Server\110\Tools\Binn\;C:\Users\ntthi\AppData\Roaming\npm;.
thg 3 29, 2016 2:18:34 CH org.apache.coyote.http11.Http11Protocol init
INFO: Initializing Coyote HTTP/1.1 on http-8080
thg 3 29, 2016 2:18:34 CH org.apache.catalina.startup.Catalina load
INFO: Initialization processed in 671 ms
thg 3 29, 2016 2:18:34 CH org.apache.catalina.core.StandardService start
INFO: Starting service Catalina
thg 3 29, 2016 2:18:34 CH org.apache.catalina.core.StandardEngine start
INFO: Starting Servlet Engine: Apache Tomcat/6.0.45
thg 3 29, 2016 2:18:34 CH org.apache.catalina.startup.HostConfig deployDescriptor
INFO: Deploying configuration descriptor host-manager.xml
thg 3 29, 2016 2:18:35 CH org.apache.catalina.startup.HostConfig deployDescriptor
INFO: Deploying configuration descriptor manager.xml
thg 3 29, 2016 2:18:35 CH org.apache.catalina.startup.HostConfig deployWAR
INFO: Deploying web application archive cas.war
thg 3 29, 2016 2:18:39 CH org.apache.catalina.startup.HostConfig deployDirectory
INFO: Deploying web application directory docs
thg 3 29, 2016 2:18:39 CH org.apache.catalina.startup.HostConfig deployDirectory
INFO: Deploying web application directory examples
thg 3 29, 2016 2:18:39 CH org.apache.catalina.startup.HostConfig deployDirectory
INFO: Deploying web application directory ROOT
thg 3 29, 2016 2:18:39 CH org.apache.coyote.http11.Http11Protocol start
INFO: Starting Coyote HTTP/1.1 on http-8080
thg 3 29, 2016 2:18:39 CH org.apache.jk.common.ChannelSocket init
INFO: JK: ajp13 listening on /0.0.0.0:8009
thg 3 29, 2016 2:18:39 CH org.apache.jk.server.JkMain start
INFO: Jk running ID=0 time=0/25  config=null
thg 3 29, 2016 2:18:39 CH org.apache.catalina.startup.Catalina start
INFO: Server startup in 4554 ms
